2021-03-09T15:31:22.523169Z 0 [Warning] TIMESTAMP with implicit DEFAULT value is deprecated. Please use --explicit_defaults_for_timestamp server option (see documentation for more details).
2021-03-09T15:31:22.535241Z 0 [Warning] Setting lower_case_table_names=2 because file system for /var/lib/mysql/ is case insensitive
2021-03-09T15:31:24.350539Z 0 [Warning] InnoDB: New log files created, LSN=45790
2021-03-09T15:31:24.665501Z 0 [Warning] InnoDB: Creating foreign key constraint system tables.
2021-03-09T15:31:24.754264Z 0 [Warning] No existing UUID has been found, so we assume that this is the first time that this server has been started. Generating a new UUID: 820e4426-80ec-11eb-b64c-0242ac150002.
2021-03-09T15:31:24.762516Z 0 [Warning] Gtid table is not ready to be used. Table 'mysql.gtid_executed' cannot be opened.
2021-03-09T15:31:25.430297Z 0 [Warning] CA certificate ca.pem is self signed.
2021-03-09T15:31:25.626044Z 1 [Warning] root@localhost is created with an empty password ! Please consider switching off the --initialize-insecure option.
2021-03-09T15:31:34.917929Z 0 [Warning] TIMESTAMP with implicit DEFAULT value is deprecated. Please use --explicit_defaults_for_timestamp server option (see documentation for more details).
2021-03-09T15:31:34.924968Z 0 [Note] mysqld (mysqld 5.7.33) starting as process 79 ...
2021-03-09T15:31:34.930719Z 0 [Warning] Setting lower_case_table_names=2 because file system for /var/lib/mysql/ is case insensitive
2021-03-09T15:31:34.935057Z 0 [Note] InnoDB: PUNCH HOLE support available
2021-03-09T15:31:34.935657Z 0 [Note] InnoDB: Mutexes and rw_locks use GCC atomic builtins
2021-03-09T15:31:34.936249Z 0 [Note] InnoDB: Uses event mutexes
2021-03-09T15:31:34.936685Z 0 [Note] InnoDB: GCC builtin __atomic_thread_fence() is used for memory barrier
2021-03-09T15:31:34.937103Z 0 [Note] InnoDB: Compressed tables use zlib 1.2.11
2021-03-09T15:31:34.937545Z 0 [Note] InnoDB: Using Linux native AIO
2021-03-09T15:31:34.938361Z 0 [Note] InnoDB: Number of pools: 1
2021-03-09T15:31:34.939115Z 0 [Note] InnoDB: Using CPU crc32 instructions
2021-03-09T15:31:34.941482Z 0 [Note] InnoDB: Initializing buffer pool, total size = 128M, instances = 1, chunk size = 128M
2021-03-09T15:31:34.948523Z 0 [Note] InnoDB: Completed initialization of buffer pool
2021-03-09T15:31:34.952039Z 0 [Note] InnoDB: If the mysqld execution user is authorized, page cleaner thread priority can be changed. See the man page of setpriority().
2021-03-09T15:31:35.011415Z 0 [Note] InnoDB: Highest supported file format is Barracuda.
2021-03-09T15:31:35.120522Z 0 [Note] InnoDB: Creating shared tablespace for temporary tables
2021-03-09T15:31:35.123209Z 0 [Note] InnoDB: Setting file './ibtmp1' size to 12 MB. Physically writing the file full; Please wait ...
2021-03-09T15:31:35.232005Z 0 [Note] InnoDB: File './ibtmp1' size is now 12 MB.
2021-03-09T15:31:35.237575Z 0 [Note] InnoDB: 96 redo rollback segment(s) found. 96 redo rollback segment(s) are active.
2021-03-09T15:31:35.238506Z 0 [Note] InnoDB: 32 non-redo rollback segment(s) are active.
2021-03-09T15:31:35.240055Z 0 [Note] InnoDB: Waiting for purge to start
2021-03-09T15:31:35.292116Z 0 [Note] InnoDB: 5.7.33 started; log sequence number 2747895
2021-03-09T15:31:35.293547Z 0 [Note] InnoDB: Loading buffer pool(s) from /var/lib/mysql/ib_buffer_pool
2021-03-09T15:31:35.295003Z 0 [Note] Plugin 'FEDERATED' is disabled.
2021-03-09T15:31:35.350908Z 0 [Note] Found ca.pem, server-cert.pem and server-key.pem in data directory. Trying to enable SSL support using them.
2021-03-09T15:31:35.353599Z 0 [Note] Skipping generation of SSL certificates as certificate files are present in data directory.
2021-03-09T15:31:35.358490Z 0 [Note] InnoDB: Buffer pool(s) load completed at 210310  0:31:35
2021-03-09T15:31:35.358707Z 0 [Warning] CA certificate ca.pem is self signed.
2021-03-09T15:31:35.359823Z 0 [Note] Skipping generation of RSA key pair as key files are present in data directory.
2021-03-09T15:31:35.416322Z 0 [Warning] Insecure configuration for --pid-file: Location '/var/run/mysqld' in the path is accessible to all OS users. Consider choosing a different directory.
2021-03-09T15:31:35.679392Z 0 [Note] Event Scheduler: Loaded 0 events
2021-03-09T15:31:35.680255Z 0 [Note] mysqld: ready for connections.
Version: '5.7.33'  socket: '/var/run/mysqld/mysqld.sock'  port: 0  MySQL Community Server (GPL)
2021-03-09T15:31:39.241449Z 0 [Note] Giving 0 client threads a chance to die gracefully
2021-03-09T15:31:39.242224Z 0 [Note] Shutting down slave threads
2021-03-09T15:31:39.242888Z 0 [Note] Forcefully disconnecting 0 remaining clients
2021-03-09T15:31:39.243484Z 0 [Note] Event Scheduler: Purging the queue. 0 events
2021-03-09T15:31:39.244208Z 0 [Note] Binlog end
2021-03-09T15:31:39.246562Z 0 [Note] Shutting down plugin 'ngram'
2021-03-09T15:31:39.247611Z 0 [Note] Shutting down plugin 'partition'
2021-03-09T15:31:39.248193Z 0 [Note] Shutting down plugin 'BLACKHOLE'
2021-03-09T15:31:39.248676Z 0 [Note] Shutting down plugin 'ARCHIVE'
2021-03-09T15:31:39.249282Z 0 [Note] Shutting down plugin 'PERFORMANCE_SCHEMA'
2021-03-09T15:31:39.249782Z 0 [Note] Shutting down plugin 'MRG_MYISAM'
2021-03-09T15:31:39.250365Z 0 [Note] Shutting down plugin 'MyISAM'
2021-03-09T15:31:39.250975Z 0 [Note] Shutting down plugin 'INNODB_SYS_VIRTUAL'
2021-03-09T15:31:39.251407Z 0 [Note] Shutting down plugin 'INNODB_SYS_DATAFILES'
2021-03-09T15:31:39.251953Z 0 [Note] Shutting down plugin 'INNODB_SYS_TABLESPACES'
2021-03-09T15:31:39.252407Z 0 [Note] Shutting down plugin 'INNODB_SYS_FOREIGN_COLS'
2021-03-09T15:31:39.253033Z 0 [Note] Shutting down plugin 'INNODB_SYS_FOREIGN'
2021-03-09T15:31:39.253576Z 0 [Note] Shutting down plugin 'INNODB_SYS_FIELDS'
2021-03-09T15:31:39.254026Z 0 [Note] Shutting down plugin 'INNODB_SYS_COLUMNS'
2021-03-09T15:31:39.254508Z 0 [Note] Shutting down plugin 'INNODB_SYS_INDEXES'
2021-03-09T15:31:39.255232Z 0 [Note] Shutting down plugin 'INNODB_SYS_TABLESTATS'
2021-03-09T15:31:39.255725Z 0 [Note] Shutting down plugin 'INNODB_SYS_TABLES'
2021-03-09T15:31:39.256452Z 0 [Note] Shutting down plugin 'INNODB_FT_INDEX_TABLE'
2021-03-09T15:31:39.256995Z 0 [Note] Shutting down plugin 'INNODB_FT_INDEX_CACHE'
2021-03-09T15:31:39.257514Z 0 [Note] Shutting down plugin 'INNODB_FT_CONFIG'
2021-03-09T15:31:39.258161Z 0 [Note] Shutting down plugin 'INNODB_FT_BEING_DELETED'
2021-03-09T15:31:39.258977Z 0 [Note] Shutting down plugin 'INNODB_FT_DELETED'
2021-03-09T15:31:39.259666Z 0 [Note] Shutting down plugin 'INNODB_FT_DEFAULT_STOPWORD'
2021-03-09T15:31:39.260255Z 0 [Note] Shutting down plugin 'INNODB_METRICS'
2021-03-09T15:31:39.261151Z 0 [Note] Shutting down plugin 'INNODB_TEMP_TABLE_INFO'
2021-03-09T15:31:39.262181Z 0 [Note] Shutting down plugin 'INNODB_BUFFER_POOL_STATS'
2021-03-09T15:31:39.263096Z 0 [Note] Shutting down plugin 'INNODB_BUFFER_PAGE_LRU'
2021-03-09T15:31:39.263654Z 0 [Note] Shutting down plugin 'INNODB_BUFFER_PAGE'
2021-03-09T15:31:39.264260Z 0 [Note] Shutting down plugin 'INNODB_CMP_PER_INDEX_RESET'
2021-03-09T15:31:39.264776Z 0 [Note] Shutting down plugin 'INNODB_CMP_PER_INDEX'
2021-03-09T15:31:39.265414Z 0 [Note] Shutting down plugin 'INNODB_CMPMEM_RESET'
2021-03-09T15:31:39.266167Z 0 [Note] Shutting down plugin 'INNODB_CMPMEM'
2021-03-09T15:31:39.266872Z 0 [Note] Shutting down plugin 'INNODB_CMP_RESET'
2021-03-09T15:31:39.267516Z 0 [Note] Shutting down plugin 'INNODB_CMP'
2021-03-09T15:31:39.268114Z 0 [Note] Shutting down plugin 'INNODB_LOCK_WAITS'
2021-03-09T15:31:39.268880Z 0 [Note] Shutting down plugin 'INNODB_LOCKS'
2021-03-09T15:31:39.269669Z 0 [Note] Shutting down plugin 'INNODB_TRX'
2021-03-09T15:31:39.270404Z 0 [Note] Shutting down plugin 'InnoDB'
2021-03-09T15:31:39.271201Z 0 [Note] InnoDB: FTS optimize thread exiting.
2021-03-09T15:31:39.271932Z 0 [Note] InnoDB: Starting shutdown...
2021-03-09T15:31:39.374190Z 0 [Note] InnoDB: Dumping buffer pool(s) to /var/lib/mysql/ib_buffer_pool
2021-03-09T15:31:39.380531Z 0 [Note] InnoDB: Buffer pool(s) dump completed at 210310  0:31:39
2021-03-09T15:31:41.291738Z 0 [Note] InnoDB: Shutdown completed; log sequence number 12665359
2021-03-09T15:31:41.294080Z 0 [Note] InnoDB: Removed temporary tablespace data file: "ibtmp1"
2021-03-09T15:31:41.294652Z 0 [Note] Shutting down plugin 'MEMORY'
2021-03-09T15:31:41.295383Z 0 [Note] Shutting down plugin 'CSV'
2021-03-09T15:31:41.296252Z 0 [Note] Shutting down plugin 'sha256_password'
2021-03-09T15:31:41.296871Z 0 [Note] Shutting down plugin 'mysql_native_password'
2021-03-09T15:31:41.297736Z 0 [Note] Shutting down plugin 'binlog'
2021-03-09T15:31:41.300929Z 0 [Note] mysqld: Shutdown complete

2021-03-09T15:31:42.412173Z 0 [Warning] TIMESTAMP with implicit DEFAULT value is deprecated. Please use --explicit_defaults_for_timestamp server option (see documentation for more details).
2021-03-09T15:31:42.419531Z 0 [Note] mysqld (mysqld 5.7.33) starting as process 1 ...
2021-03-09T15:31:42.426179Z 0 [Warning] Setting lower_case_table_names=2 because file system for /var/lib/mysql/ is case insensitive
2021-03-09T15:31:42.430965Z 0 [Note] InnoDB: PUNCH HOLE support available
2021-03-09T15:31:42.431722Z 0 [Note] InnoDB: Mutexes and rw_locks use GCC atomic builtins
2021-03-09T15:31:42.432477Z 0 [Note] InnoDB: Uses event mutexes
2021-03-09T15:31:42.433229Z 0 [Note] InnoDB: GCC builtin __atomic_thread_fence() is used for memory barrier
2021-03-09T15:31:42.434005Z 0 [Note] InnoDB: Compressed tables use zlib 1.2.11
2021-03-09T15:31:42.434569Z 0 [Note] InnoDB: Using Linux native AIO
2021-03-09T15:31:42.435378Z 0 [Note] InnoDB: Number of pools: 1
2021-03-09T15:31:42.436110Z 0 [Note] InnoDB: Using CPU crc32 instructions
2021-03-09T15:31:42.437961Z 0 [Note] InnoDB: Initializing buffer pool, total size = 128M, instances = 1, chunk size = 128M
2021-03-09T15:31:42.444645Z 0 [Note] InnoDB: Completed initialization of buffer pool
2021-03-09T15:31:42.447639Z 0 [Note] InnoDB: If the mysqld execution user is authorized, page cleaner thread priority can be changed. See the man page of setpriority().
2021-03-09T15:31:42.504262Z 0 [Note] InnoDB: Highest supported file format is Barracuda.
2021-03-09T15:31:42.600218Z 0 [Note] InnoDB: Creating shared tablespace for temporary tables
2021-03-09T15:31:42.605458Z 0 [Note] InnoDB: Setting file './ibtmp1' size to 12 MB. Physically writing the file full; Please wait ...
2021-03-09T15:31:42.721022Z 0 [Note] InnoDB: File './ibtmp1' size is now 12 MB.
2021-03-09T15:31:42.725625Z 0 [Note] InnoDB: 96 redo rollback segment(s) found. 96 redo rollback segment(s) are active.
2021-03-09T15:31:42.726199Z 0 [Note] InnoDB: 32 non-redo rollback segment(s) are active.
2021-03-09T15:31:42.727715Z 0 [Note] InnoDB: Waiting for purge to start
2021-03-09T15:31:42.778628Z 0 [Note] InnoDB: 5.7.33 started; log sequence number 12665359
2021-03-09T15:31:42.779666Z 0 [Note] InnoDB: Loading buffer pool(s) from /var/lib/mysql/ib_buffer_pool
2021-03-09T15:31:42.779938Z 0 [Note] Plugin 'FEDERATED' is disabled.
2021-03-09T15:31:42.815717Z 0 [Note] Found ca.pem, server-cert.pem and server-key.pem in data directory. Trying to enable SSL support using them.
2021-03-09T15:31:42.816551Z 0 [Note] Skipping generation of SSL certificates as certificate files are present in data directory.
2021-03-09T15:31:42.822968Z 0 [Warning] CA certificate ca.pem is self signed.
2021-03-09T15:31:42.824095Z 0 [Note] Skipping generation of RSA key pair as key files are present in data directory.
2021-03-09T15:31:42.833041Z 0 [Note] Server hostname (bind-address): '*'; port: 3306
2021-03-09T15:31:42.834347Z 0 [Note] IPv6 is available.
2021-03-09T15:31:42.838467Z 0 [Note]   - '::' resolves to '::';
2021-03-09T15:31:42.841718Z 0 [Note] Server socket created on IP: '::'.
2021-03-09T15:31:42.847232Z 0 [Warning] Insecure configuration for --pid-file: Location '/var/run/mysqld' in the path is accessible to all OS users. Consider choosing a different directory.
2021-03-09T15:31:42.859316Z 0 [Note] InnoDB: Buffer pool(s) load completed at 210310  0:31:42
2021-03-09T15:31:43.086231Z 0 [Note] Event Scheduler: Loaded 0 events
2021-03-09T15:31:43.087417Z 0 [Note] mysqld: ready for connections.
Version: '5.7.33'  socket: '/var/run/mysqld/mysqld.sock'  port: 3306  MySQL Community Server (GPL)
2021-03-11T14:50:09.220161Z 0 [Note] InnoDB: page_cleaner: 1000ms intended loop took 18052ms. The settings might not be optimal. (flushed=0 and evicted=0, during the time.)
2021-03-11T14:50:36.256744Z 0 [Note] InnoDB: page_cleaner: 1000ms intended loop took 17734ms. The settings might not be optimal. (flushed=0 and evicted=0, during the time.)
2021-03-11T14:52:19.276566Z 0 [Note] InnoDB: page_cleaner: 1000ms intended loop took 17869ms. The settings might not be optimal. (flushed=0 and evicted=0, during the time.)
2021-03-11T14:52:46.348095Z 0 [Note] InnoDB: page_cleaner: 1000ms intended loop took 18055ms. The settings might not be optimal. (flushed=0 and evicted=0, during the time.)
2021-03-11T14:53:17.442655Z 0 [Note] InnoDB: page_cleaner: 1000ms intended loop took 18050ms. The settings might not be optimal. (flushed=0 and evicted=0, during the time.)
2021-03-11T14:54:20.814450Z 0 [Note] InnoDB: page_cleaner: 1000ms intended loop took 17760ms. The settings might not be optimal. (flushed=0 and evicted=0, during the time.)
2021-03-11T14:58:29.303505Z 0 [Note] InnoDB: page_cleaner: 1000ms intended loop took 17802ms. The settings might not be optimal. (flushed=0 and evicted=0, during the time.)
2021-03-11T14:58:55.962522Z 0 [Note] InnoDB: page_cleaner: 1000ms intended loop took 17634ms. The settings might not be optimal. (flushed=0 and evicted=0, during the time.)
2021-03-11T15:00:48.291465Z 0 [Note] InnoDB: page_cleaner: 1000ms intended loop took 17508ms. The settings might not be optimal. (flushed=0 and evicted=0, during the time.)
2021-03-11T15:18:34.240747Z 0 [Note] InnoDB: page_cleaner: 1000ms intended loop took 17815ms. The settings might not be optimal. (flushed=0 and evicted=0, during the time.)
2021-03-11T15:52:00.188975Z 0 [Note] InnoDB: page_cleaner: 1000ms intended loop took 17518ms. The settings might not be optimal. (flushed=0 and evicted=0, during the time.)
2021-03-11T15:57:52.730291Z 0 [Note] InnoDB: page_cleaner: 1000ms intended loop took 17290ms. The settings might not be optimal. (flushed=0 and evicted=0, during the time.)
2021-03-11T16:09:28.952613Z 0 [Note] InnoDB: page_cleaner: 1000ms intended loop took 17461ms. The settings might not be optimal. (flushed=0 and evicted=0, during the time.)
2021-03-11T16:30:23.264843Z 0 [Note] InnoDB: page_cleaner: 1000ms intended loop took 17905ms. The settings might not be optimal. (flushed=0 and evicted=0, during the time.)
2021-03-11T16:48:16.470261Z 0 [Note] InnoDB: page_cleaner: 1000ms intended loop took 17512ms. The settings might not be optimal. (flushed=0 and evicted=0, during the time.)
2021-03-11T17:05:40.987391Z 0 [Note] InnoDB: page_cleaner: 1000ms intended loop took 17936ms. The settings might not be optimal. (flushed=0 and evicted=0, during the time.)
2021-03-11T17:23:33.489555Z 0 [Note] InnoDB: page_cleaner: 1000ms intended loop took 17542ms. The settings might not be optimal. (flushed=0 and evicted=0, during the time.)
2021-03-11T17:44:19.787374Z 0 [Note] InnoDB: page_cleaner: 1000ms intended loop took 18005ms. The settings might not be optimal. (flushed=0 and evicted=0, during the time.)
2021-03-11T17:54:03.829128Z 0 [Note] InnoDB: page_cleaner: 1000ms intended loop took 18031ms. The settings might not be optimal. (flushed=0 and evicted=0, during the time.)
2021-03-11T17:59:53.519342Z 0 [Note] InnoDB: page_cleaner: 1000ms intended loop took 17656ms. The settings might not be optimal. (flushed=0 and evicted=0, during the time.)
2021-03-11T18:05:37.518503Z 0 [Note] InnoDB: page_cleaner: 1000ms intended loop took 17593ms. The settings might not be optimal. (flushed=0 and evicted=0, during the time.)
2021-03-11T20:06:26.667091Z 0 [Note] InnoDB: page_cleaner: 1000ms intended loop took 18034ms. The settings might not be optimal. (flushed=0 and evicted=0, during the time.)
2021-03-11T22:02:03.456670Z 0 [Note] InnoDB: page_cleaner: 1000ms intended loop took 18063ms. The settings might not be optimal. (flushed=0 and evicted=0, during the time.)
2021-03-11T23:22:39.708715Z 0 [Note] InnoDB: page_cleaner: 1000ms intended loop took 18043ms. The settings might not be optimal. (flushed=0 and evicted=0, during the time.)
2021-03-11T23:30:36.263736Z 0 [Note] InnoDB: page_cleaner: 1000ms intended loop took 17455ms. The settings might not be optimal. (flushed=0 and evicted=0, during the time.)
2021-03-11T23:31:59.145897Z 0 [Note] InnoDB: page_cleaner: 1000ms intended loop took 17647ms. The settings might not be optimal. (flushed=0 and evicted=0, during the time.)
2021-03-12T00:51:00.050465Z 0 [Note] InnoDB: page_cleaner: 1000ms intended loop took 17948ms. The settings might not be optimal. (flushed=0 and evicted=0, during the time.)
